0.000 28.571 0.000 -0.167 0.000 0.000
0.000 24.708 1.035 0.000 -0.683 0.183
2.000 25.225 0.897 0.354 -0.592 0.158
3.464 26.640 0.518 0.612 -0.342 0.092
4.000 28.571 0.000 0.707 0.000 0.000
3.464 30.503 -0.518 0.612 0.342 -0.092
2.000 31.917 -0.897 0.354 0.592 -0.158
0.000 32.435 -1.035 0.000 0.683 -0.183
-2.000 31.917 -0.897 -0.354 0.592 -0.158
-3.464 30.503 -0.518 -0.612 0.342 -0.092
-4.000 28.571 -0.000 -0.707 0.000 -0.000
-3.464 26.640 0.518 -0.612 -0.342 0.092
-2.000 25.225 0.897 -0.354 -0.592 0.158
0.000 23.742 1.294 0.000 -0.611 0.164
2.034 24.159 1.182 0.257 -0.558 0.150
3.716 25.340 0.866 0.470 -0.409 0.110
4.755 27.079 0.400 0.602 -0.189 0.051
4.973 29.076 -0.135 0.629 0.064 -0.017
4.330 30.986 -0.647 0.548 0.305 -0.082
2.939 32.479 -1.047 0.372 0.494 -0.132
1.040 33.295 -1.266 0.131 0.598 -0.160
-1.040 33.295 -1.266 -0.131 0.598 -0.160
-2.939 32.479 -1.047 -0.372 0.494 -0.132
-4.330 30.986 -0.647 -0.548 0.305 -0.082
-4.973 29.076 -0.135 -0.629 0.064 -0.017
-4.755 27.079 0.400 -0.602 -0.189 0.051
-3.716 25.340 0.866 -0.470 -0.409 0.110
-2.034 24.159 1.182 -0.257 -0.558 0.150
0.000 22.776 1.553 0.000 -0.558 0.149
2.052 23.125 1.459 0.197 -0.524 0.140
3.857 24.132 1.190 0.371 -0.427 0.114
5.196 25.674 0.776 0.500 -0.279 0.075
5.909 27.565 0.270 0.569 -0.097 0.026
5.909 29.578 -0.270 0.569 0.097 -0.026
5.196 31.469 -0.776 0.500 0.279 -0.075
3.857 33.011 -1.190 0.371 0.427 -0.114
2.052 34.017 -1.459 0.197 0.524 -0.140
0.000 34.367 -1.553 0.000 0.558 -0.149
-2.052 34.017 -1.459 -0.197 0.524 -0.140
-3.857 33.011 -1.190 -0.371 0.427 -0.114
-5.196 31.469 -0.776 -0.500 0.279 -0.075
-5.909 29.578 -0.270 -0.569 0.097 -0.026
-5.909 27.565 0.270 -0.569 -0.097 0.026
-5.196 25.674 0.776 -0.500 -0.279 0.075
-3.857 24.132 1.190 -0.371 -0.427 0.114
-2.052 23.125 1.459 -0.197 -0.524 0.140
0.000 21.810 1.812 0.000 -0.516 0.138
2.063 22.110 1.731 0.158 -0.493 0.132
3.943 22.985 1.497 0.301 -0.427 0.114
5.473 24.356 1.130 0.418 -0.322 0.086
6.516 26.101 0.662 0.498 -0.189 0.051
6.980 28.066 0.135 0.533 -0.039 0.010
6.824 30.076 -0.403 0.521 0.115 -0.031
6.062 31.952 -0.906 0.463 0.258 -0.069
4.761 33.528 -1.328 0.364 0.378 -0.101
3.037 34.663 -1.632 0.232 0.465 -0.125
1.043 35.257 -1.791 0.080 0.511 -0.137
-1.043 35.257 -1.791 -0.080 0.511 -0.137
-3.037 34.663 -1.632 -0.232 0.465 -0.125
-4.761 33.528 -1.328 -0.364 0.378 -0.101
-6.062 31.952 -0.906 -0.463 0.258 -0.069
-6.824 30.076 -0.403 -0.521 0.115 -0.031
-6.980 28.066 0.135 -0.533 -0.039 0.010
-6.516 26.101 0.662 -0.498 -0.189 0.051
-5.473 24.356 1.130 -0.418 -0.322 0.086
-3.943 22.985 1.497 -0.301 -0.427 0.114
-2.063 22.110 1.731 -0.158 -0.493 0.132
0.000 20.844 2.071 0.000 -0.483 0.129
2.071 21.107 2.000 0.129 -0.467 0.125
4.000 21.879 1.793 0.250 -0.418 0.112
5.657 23.107 1.464 0.354 -0.342 0.092
6.928 24.708 1.035 0.433 -0.241 0.065
7.727 26.571 0.536 0.483 -0.125 0.033
8.000 28.571 0.000 0.500 0.000 0.000
7.727 30.571 -0.536 0.483 0.125 -0.033
6.928 32.435 -1.035 0.433 0.241 -0.065
5.657 34.036 -1.464 0.354 0.342 -0.092
4.000 35.264 -1.793 0.250 0.418 -0.112
2.071 36.036 -2.000 0.129 0.467 -0.125
0.000 36.299 -2.071 0.000 0.483 -0.129
-2.071 36.036 -2.000 -0.129 0.467 -0.125
-4.000 35.264 -1.793 -0.250 0.418 -0.112
-5.657 34.036 -1.464 -0.354 0.342 -0.092
-6.928 32.435 -1.035 -0.433 0.241 -0.065
-7.727 30.571 -0.536 -0.483 0.125 -0.033
-8.000 28.571 -0.000 -0.500 0.000 -0.000
-7.727 26.571 0.536 -0.483 -0.125 0.033
-6.928 24.708 1.035 -0.433 -0.241 0.065
-5.657 23.107 1.464 -0.354 -0.342 0.092
-4.000 21.879 1.793 -0.250 -0.418 0.112
-2.071 21.107 2.000 -0.129 -0.467 0.125
0.000 19.878 2.329 0.000 -0.455 0.122
2.076 20.112 2.267 0.109 -0.443 0.119
4.039 20.803 2.082 0.212 -0.407 0.109
5.785 21.912 1.784 0.303 -0.349 0.093
7.219 23.380 1.391 0.378 -0.272 0.073
8.264 25.128 0.923 0.433 -0.180 0.048
8.863 27.062 0.404 0.464 -0.079 0.021
8.985 29.077 -0.135 0.471 0.026 -0.007
8.622 31.065 -0.668 0.452 0.131 -0.035
7.794 32.918 -1.165 0.408 0.228 -0.061
6.546 34.537 -1.599 0.343 0.312 -0.084
4.946 35.835 -1.946 0.259 0.380 -0.102
3.078 36.740 -2.189 0.161 0.428 -0.115
1.045 37.206 -2.314 0.055 0.452 -0.121
-1.045 37.206 -2.314 -0.055 0.452 -0.121
-3.078 36.740 -2.189 -0.161 0.428 -0.115
-4.946 35.835 -1.946 -0.259 0.380 -0.102
-6.546 34.537 -1.599 -0.343 0.312 -0.084
-7.794 32.918 -1.165 -0.408 0.228 -0.061
-8.622 31.065 -0.668 -0.452 0.131 -0.035
-8.985 29.077 -0.135 -0.471 0.026 -0.007
-8.863 27.062 0.404 -0.464 -0.079 0.021
-8.264 25.128 0.923 -0.433 -0.180 0.048
-7.219 23.380 1.391 -0.378 -0.272 0.073
-5.785 21.912 1.784 -0.303 -0.349 0.093
-4.039 20.803 2.082 -0.212 -0.407 0.109
-2.076 20.112 2.267 -0.109 -0.443 0.119
0.000 18.912 2.588 0.000 -0.432 0.116
2.079 19.123 2.532 0.093 -0.423 0.113
4.067 19.747 2.364 0.182 -0.395 0.106
5.878 20.757 2.094 0.263 -0.349 0.094
7.431 22.108 1.732 0.332 -0.289 0.077
8.660 23.742 1.294 0.387 -0.216 0.058
9.511 25.587 0.800 0.425 -0.133 0.036
9.945 27.562 0.271 0.445 -0.045 0.012
9.945 29.581 -0.271 0.445 0.045 -0.012
9.511 31.556 -0.800 0.425 0.133 -0.036
8.660 33.401 -1.294 0.387 0.216 -0.058
7.431 35.035 -1.732 0.332 0.289 -0.077
5.878 36.386 -2.094 0.263 0.349 -0.094
4.067 37.396 -2.364 0.182 0.395 -0.106
2.079 38.020 -2.532 0.093 0.423 -0.113
0.000 38.231 -2.588 0.000 0.432 -0.116
-2.079 38.020 -2.532 -0.093 0.423 -0.113
-4.067 37.396 -2.364 -0.182 0.395 -0.106
-5.878 36.386 -2.094 -0.263 0.349 -0.094
-7.431 35.035 -1.732 -0.332 0.289 -0.077
-8.660 33.401 -1.294 -0.387 0.216 -0.058
-9.511 31.556 -0.800 -0.425 0.133 -0.036
-9.945 29.581 -0.271 -0.445 0.045 -0.012
-9.945 27.562 0.271 -0.445 -0.045 0.012
-9.511 25.587 0.800 -0.425 -0.133 0.036
-8.660 23.742 1.294 -0.387 -0.216 0.058
-7.431 22.108 1.732 -0.332 -0.289 0.077
-5.878 20.757 2.094 -0.263 -0.349 0.094
-4.067 19.747 2.364 -0.182 -0.395 0.106
-2.079 19.123 2.532 -0.093 -0.423 0.113
0.000 17.946 2.847 0.000 -0.412 0.110
2.082 18.138 2.796 0.081 -0.404 0.108
4.088 18.707 2.643 0.158 -0.382 0.102
5.947 19.633 2.395 0.231 -0.346 0.093
7.591 20.882 2.060 0.294 -0.298 0.080
8.960 22.408 1.651 0.347 -0.239 0.064
10.006 24.158 1.183 0.388 -0.171 0.046
10.690 26.066 0.671 0.414 -0.097 0.026
10.988 28.066 0.135 0.426 -0.020 0.005
10.888 30.084 -0.405 0.422 0.059 -0.016
10.395 32.047 -0.931 0.403 0.135 -0.036
9.526 33.884 -1.424 0.369 0.206 -0.055
8.313 35.529 -1.864 0.322 0.270 -0.072
6.800 36.923 -2.238 0.264 0.324 -0.087
5.040 38.015 -2.531 0.195 0.366 -0.098
3.099 38.766 -2.732 0.120 0.395 -0.106
1.046 39.148 -2.834 0.041 0.410 -0.110
-1.046 39.148 -2.834 -0.041 0.410 -0.110
-3.099 38.766 -2.732 -0.120 0.395 -0.106
-5.040 38.015 -2.531 -0.195 0.366 -0.098
-6.800 36.923 -2.238 -0.264 0.324 -0.087
-8.313 35.529 -1.864 -0.322 0.270 -0.072
-9.526 33.884 -1.424 -0.369 0.206 -0.055
-10.395 32.047 -0.931 -0.403 0.135 -0.036
-10.888 30.084 -0.405 -0.422 0.059 -0.016
-10.988 28.066 0.135 -0.426 -0.020 0.005
-10.690 26.066 0.671 -0.414 -0.097 0.026
-10.006 24.158 1.183 -0.388 -0.171 0.046
-8.960 22.408 1.651 -0.347 -0.239 0.064
-7.591 20.882 2.060 -0.294 -0.298 0.080
-5.947 19.633 2.395 -0.231 -0.346 0.093
-4.088 18.707 2.643 -0.158 -0.382 0.102
-2.082 18.138 2.796 -0.081 -0.404 0.108
0.000 16.980 3.106 0.000 -0.394 0.106
2.084 17.156 3.059 0.071 -0.388 0.104
4.104 17.679 2.919 0.140 -0.371 0.099
6.000 18.533 2.690 0.204 -0.342 0.092
7.713 19.692 2.379 0.262 -0.302 0.081
9.193 21.121 1.996 0.313 -0.253 0.068
10.392 22.776 1.553 0.354 -0.197 0.053
11.276 24.607 1.062 0.384 -0.135 0.036
11.818 26.559 0.539 0.402 -0.068 0.018
12.000 28.571 0.000 0.408 0.000 0.000
11.818 30.584 -0.539 0.402 0.068 -0.018
11.276 32.536 -1.062 0.384 0.135 -0.036
10.392 34.367 -1.553 0.354 0.197 -0.053
9.193 36.022 -1.996 0.313 0.253 -0.068
7.713 37.451 -2.379 0.262 0.302 -0.081
6.000 38.610 -2.690 0.204 0.342 -0.092
4.104 39.463 -2.919 0.140 0.371 -0.099
2.084 39.986 -3.059 0.071 0.388 -0.104
0.000 40.163 -3.106 0.000 0.394 -0.106
-2.084 39.986 -3.059 -0.071 0.388 -0.104
-4.104 39.463 -2.919 -0.140 0.371 -0.099
-6.000 38.610 -2.690 -0.204 0.342 -0.092
-7.713 37.451 -2.379 -0.262 0.302 -0.081
-9.193 36.022 -1.996 -0.313 0.253 -0.068
-10.392 34.367 -1.553 -0.354 0.197 -0.053
-11.276 32.536 -1.062 -0.384 0.135 -0.036
-11.818 30.584 -0.539 -0.402 0.068 -0.018
-12.000 28.571 -0.000 -0.408 0.000 -0.000
-11.818 26.559 0.539 -0.402 -0.068 0.018
-11.276 24.607 1.062 -0.384 -0.135 0.036
-10.392 22.776 1.553 -0.354 -0.197 0.053
-9.193 21.121 1.996 -0.313 -0.253 0.068
-7.713 19.692 2.379 -0.262 -0.302 0.081
-6.000 18.533 2.690 -0.204 -0.342 0.092
-4.104 17.679 2.919 -0.140 -0.371 0.099
-2.084 17.156 3.059 -0.071 -0.388 0.104
0.000 16.014 3.365 0.000 -0.379 0.102
2.085 16.177 3.321 0.063 -0.374 0.100
4.117 16.661 3.191 0.124 -0.359 0.096
6.041 17.453 2.979 0.182 -0.335 0.090
7.810 18.533 2.690 0.236 -0.303 0.081
9.376 19.873 2.331 0.283 -0.262 0.070
10.699 21.438 1.911 0.323 -0.215 0.058
11.745 23.188 1.442 0.354 -0.162 0.044
12.487 25.078 0.936 0.377 -0.105 0.028
12.905 27.058 0.406 0.389 -0.046 0.012
12.989 29.077 -0.135 0.392 0.015 -0.004
12.737 31.083 -0.673 0.384 0.076 -0.020
12.155 33.024 -1.193 0.367 0.134 -0.036
11.258 34.850 -1.682 0.340 0.189 -0.051
10.070 36.513 -2.128 0.304 0.240 -0.064
8.621 37.970 -2.518 0.260 0.284 -0.076
6.948 39.184 -2.844 0.210 0.320 -0.086
5.096 40.124 -3.095 0.154 0.349 -0.093
3.111 40.764 -3.267 0.094 0.368 -0.099
1.046 41.088 -3.354 0.032 0.378 -0.101
-1.046 41.088 -3.354 -0.032 0.378 -0.101
-3.111 40.764 -3.267 -0.094 0.368 -0.099
-5.096 40.124 -3.095 -0.154 0.349 -0.093
-6.948 39.184 -2.844 -0.210 0.320 -0.086
-8.621 37.970 -2.518 -0.260 0.284 -0.076
-10.070 36.513 -2.128 -0.304 0.240 -0.064
-11.258 34.850 -1.682 -0.340 0.189 -0.051
-12.155 33.024 -1.193 -0.367 0.134 -0.036
-12.737 31.083 -0.673 -0.384 0.076 -0.020
-12.989 29.077 -0.135 -0.392 0.015 -0.004
-12.905 27.058 0.406 -0.389 -0.046 0.012
-12.487 25.078 0.936 -0.377 -0.105 0.028
-11.745 23.188 1.442 -0.354 -0.162 0.044
-10.699 21.438 1.911 -0.323 -0.215 0.058
-9.376 19.873 2.331 -0.283 -0.262 0.070
-7.810 18.533 2.690 -0.236 -0.303 0.081
-6.041 17.453 2.979 -0.182 -0.335 0.090
-4.117 16.661 3.191 -0.124 -0.359 0.096
-2.085 16.177 3.321 -0.063 -0.374 0.100
0.000 15.048 3.623 0.000 -0.365 0.098
2.087 15.199 3.583 0.056 -0.361 0.097
4.127 15.649 3.462 0.111 -0.349 0.093
6.074 16.388 3.265 0.164 -0.329 0.088
7.886 17.398 2.994 0.213 -0.302 0.081
9.522 18.658 2.656 0.257 -0.268 0.072
10.946 20.140 2.259 0.296 -0.228 0.061
12.124 21.810 1.812 0.327 -0.183 0.049
13.032 23.631 1.324 0.352 -0.133 0.036
13.649 25.562 0.806 0.368 -0.081 0.022
13.961 27.561 0.271 0.377 -0.027 0.007
13.961 29.582 -0.271 0.377 0.027 -0.007
13.649 31.581 -0.806 0.368 0.081 -0.022
13.032 33.512 -1.324 0.352 0.133 -0.036
12.124 35.333 -1.812 0.327 0.183 -0.049
10.946 37.003 -2.259 0.296 0.228 -0.061
9.522 38.484 -2.656 0.257 0.268 -0.072
7.886 39.745 -2.994 0.213 0.302 -0.081
6.074 40.755 -3.265 0.164 0.329 -0.088
4.127 41.494 -3.462 0.111 0.349 -0.093
2.087 41.943 -3.583 0.056 0.361 -0.097
0.000 42.094 -3.623 0.000 0.365 -0.098
-2.087 41.943 -3.583 -0.056 0.361 -0.097
-4.127 41.494 -3.462 -0.111 0.349 -0.093
-6.074 40.755 -3.265 -0.164 0.329 -0.088
-7.886 39.745 -2.994 -0.213 0.302 -0.081
-9.522 38.484 -2.656 -0.257 0.268 -0.072
-10.946 37.003 -2.259 -0.296 0.228 -0.061
-12.124 35.333 -1.812 -0.327 0.183 -0.049
-13.032 33.512 -1.324 -0.352 0.133 -0.036
-13.649 31.581 -0.806 -0.368 0.081 -0.022
-13.961 29.582 -0.271 -0.377 0.027 -0.007
-13.961 27.561 0.271 -0.377 -0.027 0.007
-13.649 25.562 0.806 -0.368 -0.081 0.022
-13.032 23.631 1.324 -0.352 -0.133 0.036
-12.124 21.810 1.812 -0.327 -0.183 0.049
-10.946 20.140 2.259 -0.296 -0.228 0.061
-9.522 18.658 2.656 -0.257 -0.268 0.072
-7.886 17.398 2.994 -0.213 -0.302 0.081
-6.074 16.388 3.265 -0.164 -0.329 0.088
-4.127 15.649 3.462 -0.111 -0.349 0.093
-2.087 15.199 3.583 -0.056 -0.361 0.097
0.000 -28.571 0.000 0.167 0.000 0.000
0.000 -30.571 3.464 0.000 -0.354 0.612
2.000 -30.303 3.000 0.354 -0.306 0.530
3.464 -29.571 1.732 0.612 -0.177 0.306
4.000 -28.571 0.000 0.707 0.000 0.000
3.464 -27.571 -1.732 0.612 0.177 -0.306
2.000 -26.839 -3.000 0.354 0.306 -0.530
0.000 -26.571 -3.464 0.000 0.354 -0.612
-2.000 -26.839 -3.000 -0.354 0.306 -0.530
-3.464 -27.571 -1.732 -0.612 0.177 -0.306
-4.000 -28.571 -0.000 -0.707 0.000 -0.000
-3.464 -29.571 1.732 -0.612 -0.177 0.306
-2.000 -30.303 3.000 -0.354 -0.306 0.530
0.000 -31.071 4.330 0.000 -0.316 0.548
2.034 -30.855 3.956 0.257 -0.289 0.500
3.716 -30.244 2.897 0.470 -0.212 0.366
4.755 -29.344 1.338 0.602 -0.098 0.169
4.973 -28.310 -0.453 0.629 0.033 -0.057
4.330 -27.321 -2.165 0.548 0.158 -0.274
2.939 -26.549 -3.503 0.372 0.256 -0.443
1.040 -26.126 -4.236 0.131 0.309 -0.536
-1.040 -26.126 -4.236 -0.131 0.309 -0.536
-2.939 -26.549 -3.503 -0.372 0.256 -0.443
-4.330 -27.321 -2.165 -0.548 0.158 -0.274
-4.973 -28.310 -0.453 -0.629 0.033 -0.057
-4.755 -29.344 1.338 -0.602 -0.098 0.169
-3.716 -30.244 2.897 -0.470 -0.212 0.366
-2.034 -30.855 3.956 -0.257 -0.289 0.500
0.000 -31.571 5.196 0.000 -0.289 0.500
2.052 -31.390 4.883 0.197 -0.271 0.470
3.857 -30.870 3.980 0.371 -0.221 0.383
5.196 -30.071 2.598 0.500 -0.144 0.250
5.909 -29.092 0.902 0.569 -0.050 0.087
5.909 -28.050 -0.902 0.569 0.050 -0.087
5.196 -27.071 -2.598 0.500 0.144 -0.250
3.857 -26.273 -3.980 0.371 0.221 -0.383
2.052 -25.752 -4.883 0.197 0.271 -0.470
0.000 -25.571 -5.196 0.000 0.289 -0.500
-2.052 -25.752 -4.883 -0.197 0.271 -0.470
-3.857 -26.273 -3.980 -0.371 0.221 -0.383
-5.196 -27.071 -2.598 -0.500 0.144 -0.250
-5.909 -28.050 -0.902 -0.569 0.050 -0.087
-5.909 -29.092 0.902 -0.569 -0.050 0.087
-5.196 -30.071 2.598 -0.500 -0.144 0.250
-3.857 -30.870 3.980 -0.371 -0.221 0.383
-2.052 -31.390 4.883 -0.197 -0.271 0.470
0.000 -32.071 6.062 0.000 -0.267 0.463
2.063 -31.916 5.793 0.158 -0.255 0.442
3.943 -31.463 5.009 0.301 -0.221 0.382
5.473 -30.754 3.780 0.418 -0.167 0.289
6.516 -29.850 2.215 0.498 -0.098 0.169
6.980 -28.833 0.453 0.533 -0.020 0.035
6.824 -27.793 -1.349 0.521 0.059 -0.103
6.062 -26.821 -3.031 0.463 0.134 -0.231
4.761 -26.006 -4.444 0.364 0.196 -0.339
3.037 -25.418 -5.462 0.232 0.241 -0.417
1.043 -25.110 -5.994 0.080 0.264 -0.458
-1.043 -25.110 -5.994 -0.080 0.264 -0.458
-3.037 -25.418 -5.462 -0.232 0.241 -0.417
-4.761 -26.006 -4.444 -0.364 0.196 -0.339
-6.062 -26.821 -3.031 -0.463 0.134 -0.231
-6.824 -27.793 -1.349 -0.521 0.059 -0.103
-6.980 -28.833 0.453 -0.533 -0.020 0.035
-6.516 -29.850 2.215 -0.498 -0.098 0.169
-5.473 -30.754 3.780 -0.418 -0.167 0.289
-3.943 -31.463 5.009 -0.301 -0.221 0.382
-2.063 -31.916 5.793 -0.158 -0.255 0.442
0.000 -32.571 6.928 0.000 -0.250 0.433
2.071 -32.435 6.692 0.129 -0.241 0.418
4.000 -32.036 6.000 0.250 -0.217 0.375
5.657 -31.400 4.899 0.354 -0.177 0.306
6.928 -30.571 3.464 0.433 -0.125 0.217
7.727 -29.607 1.793 0.483 -0.065 0.112
8.000 -28.571 0.000 0.500 0.000 0.000
7.727 -27.536 -1.793 0.483 0.065 -0.112
6.928 -26.571 -3.464 0.433 0.125 -0.217
5.657 -25.743 -4.899 0.354 0.177 -0.306
4.000 -25.107 -6.000 0.250 0.217 -0.375
2.071 -24.708 -6.692 0.129 0.241 -0.418
0.000 -24.571 -6.928 0.000 0.250 -0.433
-2.071 -24.708 -6.692 -0.129 0.241 -0.418
-4.000 -25.107 -6.000 -0.250 0.217 -0.375
-5.657 -25.743 -4.899 -0.354 0.177 -0.306
-6.928 -26.571 -3.464 -0.433 0.125 -0.217
-7.727 -27.536 -1.793 -0.483 0.065 -0.112
-8.000 -28.571 -0.000 -0.500 0.000 -0.000
-7.727 -29.607 1.793 -0.483 -0.065 0.112
-6.928 -30.571 3.464 -0.433 -0.125 0.217
-5.657 -31.400 4.899 -0.354 -0.177 0.306
-4.000 -32.036 6.000 -0.250 -0.217 0.375
-2.071 -32.435 6.692 -0.129 -0.241 0.418
0.000 -33.071 7.794 0.000 -0.236 0.408
2.076 -32.950 7.584 0.109 -0.229 0.397
4.039 -32.593 6.965 0.212 -0.211 0.365
5.785 -32.019 5.971 0.303 -0.181 0.313
7.219 -31.259 4.654 0.378 -0.141 0.244
8.264 -30.354 3.087 0.433 -0.093 0.162
8.863 -29.353 1.353 0.464 -0.041 0.071
8.985 -28.310 -0.453 0.471 0.014 -0.024
8.622 -27.281 -2.235 0.452 0.068 -0.117
7.794 -26.321 -3.897 0.408 0.118 -0.204
6.546 -25.483 -5.349 0.343 0.162 -0.280
4.946 -24.812 -6.512 0.259 0.197 -0.341
3.078 -24.343 -7.324 0.161 0.221 -0.384
1.045 -24.102 -7.742 0.055 0.234 -0.405
-1.045 -24.102 -7.742 -0.055 0.234 -0.405
-3.078 -24.343 -7.324 -0.161 0.221 -0.384
-4.946 -24.812 -6.512 -0.259 0.197 -0.341
-6.546 -25.483 -5.349 -0.343 0.162 -0.280
-7.794 -26.321 -3.897 -0.408 0.118 -0.204
-8.622 -27.281 -2.235 -0.452 0.068 -0.117
-8.985 -28.310 -0.453 -0.471 0.014 -0.024
-8.863 -29.353 1.353 -0.464 -0.041 0.071
-8.264 -30.354 3.087 -0.433 -0.093 0.162
-7.219 -31.259 4.654 -0.378 -0.141 0.244
-5.785 -32.019 5.971 -0.303 -0.181 0.313
-4.039 -32.593 6.965 -0.212 -0.211 0.365
-2.076 -32.950 7.584 -0.109 -0.229 0.397
0.000 -33.571 8.660 0.000 -0.224 0.387
2.079 -33.462 8.471 0.093 -0.219 0.379
4.067 -33.139 7.912 0.182 -0.204 0.354
5.878 -32.616 7.006 0.263 -0.181 0.313
7.431 -31.917 5.795 0.332 -0.150 0.259
8.660 -31.071 4.330 0.387 -0.112 0.194
9.511 -30.116 2.676 0.425 -0.069 0.120
9.945 -29.094 0.905 0.445 -0.023 0.040
9.945 -28.049 -0.905 0.445 0.023 -0.040
9.511 -27.026 -2.676 0.425 0.069 -0.120
8.660 -26.071 -4.330 0.387 0.112 -0.194
7.431 -25.226 -5.795 0.332 0.150 -0.259
5.878 -24.526 -7.006 0.263 0.181 -0.313
4.067 -24.004 -7.912 0.182 0.204 -0.354
2.079 -23.681 -8.471 0.093 0.219 -0.379
0.000 -23.571 -8.660 0.000 0.224 -0.387
-2.079 -23.681 -8.471 -0.093 0.219 -0.379
-4.067 -24.004 -7.912 -0.182 0.204 -0.354
-5.878 -24.526 -7.006 -0.263 0.181 -0.313
-7.431 -25.226 -5.795 -0.332 0.150 -0.259
-8.660 -26.071 -4.330 -0.387 0.112 -0.194
-9.511 -27.026 -2.676 -0.425 0.069 -0.120
-9.945 -28.049 -0.905 -0.445 0.023 -0.040
-9.945 -29.094 0.905 -0.445 -0.023 0.040
-9.511 -30.116 2.676 -0.425 -0.069 0.120
-8.660 -31.071 4.330 -0.387 -0.112 0.194
-7.431 -31.917 5.795 -0.332 -0.150 0.259
-5.878 -32.616 7.006 -0.263 -0.181 0.313
-4.067 -33.139 7.912 -0.182 -0.204 0.354
-2.079 -33.462 8.471 -0.093 -0.219 0.379
0.000 -34.071 9.526 0.000 -0.213 0.369
2.082 -33.972 9.354 0.081 -0.209 0.363
4.088 -33.677 8.844 0.158 -0.198 0.343
5.947 -33.198 8.014 0.231 -0.179 0.311
7.591 -32.552 6.894 0.294 -0.154 0.267
8.960 -31.762 5.526 0.347 -0.124 0.214
10.006 -30.856 3.957 0.388 -0.089 0.153
10.690 -29.868 2.246 0.414 -0.050 0.087
10.988 -28.833 0.453 0.426 -0.010 0.018
10.888 -27.789 -1.356 0.422 0.030 -0.053
10.395 -26.773 -3.116 0.403 0.070 -0.121
9.526 -25.821 -4.763 0.369 0.107 -0.185
8.313 -24.970 -6.238 0.322 0.140 -0.242
6.800 -24.248 -7.488 0.264 0.168 -0.290
5.040 -23.683 -8.467 0.195 0.190 -0.328
3.099 -23.294 -9.140 0.120 0.205 -0.354
1.046 -23.096 -9.483 0.041 0.212 -0.368
-1.046 -23.096 -9.483 -0.041 0.212 -0.368
-3.099 -23.294 -9.140 -0.120 0.205 -0.354
-5.040 -23.683 -8.467 -0.195 0.190 -0.328
-6.800 -24.248 -7.488 -0.264 0.168 -0.290
-8.313 -24.970 -6.238 -0.322 0.140 -0.242
-9.526 -25.821 -4.763 -0.369 0.107 -0.185
-10.395 -26.773 -3.116 -0.403 0.070 -0.121
-10.888 -27.789 -1.356 -0.422 0.030 -0.053
-10.988 -28.833 0.453 -0.426 -0.010 0.018
-10.690 -29.868 2.246 -0.414 -0.050 0.087
-10.006 -30.856 3.957 -0.388 -0.089 0.153
-8.960 -31.762 5.526 -0.347 -0.124 0.214
-7.591 -32.552 6.894 -0.294 -0.154 0.267
-5.947 -33.198 8.014 -0.231 -0.179 0.311
-4.088 -33.677 8.844 -0.158 -0.198 0.343
-2.082 -33.972 9.354 -0.081 -0.209 0.363
0.000 -34.571 10.392 0.000 -0.204 0.354
2.084 -34.480 10.234 0.071 -0.201 0.348
4.104 -34.210 9.766 0.140 -0.192 0.332
6.000 -33.768 9.000 0.204 -0.177 0.306
7.713 -33.168 7.961 0.262 -0.156 0.271
9.193 -32.428 6.680 0.313 -0.131 0.227
10.392 -31.571 5.196 0.354 -0.102 0.177
11.276 -30.624 3.554 0.384 -0.070 0.121
11.818 -29.613 1.805 0.402 -0.035 0.061
12.000 -28.571 0.000 0.408 0.000 0.000
11.818 -27.530 -1.805 0.402 0.035 -0.061
11.276 -26.519 -3.554 0.384 0.070 -0.121
10.392 -25.571 -5.196 0.354 0.102 -0.177
9.193 -24.715 -6.680 0.313 0.131 -0.227
7.713 -23.975 -7.961 0.262 0.156 -0.271
6.000 -23.375 -9.000 0.204 0.177 -0.306
4.104 -22.933 -9.766 0.140 0.192 -0.332
2.084 -22.663 -10.234 0.071 0.201 -0.348
0.000 -22.571 -10.392 0.000 0.204 -0.354
-2.084 -22.663 -10.234 -0.071 0.201 -0.348
-4.104 -22.933 -9.766 -0.140 0.192 -0.332
-6.000 -23.375 -9.000 -0.204 0.177 -0.306
-7.713 -23.975 -7.961 -0.262 0.156 -0.271
-9.193 -24.715 -6.680 -0.313 0.131 -0.227
-10.392 -25.571 -5.196 -0.354 0.102 -0.177
-11.276 -26.519 -3.554 -0.384 0.070 -0.121
-11.818 -27.530 -1.805 -0.402 0.035 -0.061
-12.000 -28.571 -0.000 -0.408 0.000 -0.000
-11.818 -29.613 1.805 -0.402 -0.035 0.061
-11.276 -30.624 3.554 -0.384 -0.070 0.121
-10.392 -31.571 5.196 -0.354 -0.102 0.177
-9.193 -32.428 6.680 -0.313 -0.131 0.227
-7.713 -33.168 7.961 -0.262 -0.156 0.271
-6.000 -33.768 9.000 -0.204 -0.177 0.306
-4.104 -34.210 9.766 -0.140 -0.192 0.332
-2.084 -34.480 10.234 -0.071 -0.201 0.348
0.000 -35.071 11.258 0.000 -0.196 0.340
2.085 -34.987 11.113 0.063 -0.194 0.335
4.117 -34.737 10.679 0.124 -0.186 0.322
6.041 -34.327 9.969 0.182 -0.174 0.301
7.810 -33.768 9.000 0.236 -0.157 0.272
9.376 -33.074 7.799 0.283 -0.136 0.235
10.699 -32.264 6.395 0.323 -0.111 0.193
11.745 -31.358 4.826 0.354 -0.084 0.146
12.487 -30.380 3.132 0.377 -0.055 0.095
12.905 -29.355 1.357 0.389 -0.024 0.041
12.989 -28.310 -0.453 0.392 0.008 -0.014
12.737 -27.271 -2.252 0.384 0.039 -0.068
12.155 -26.266 -3.992 0.367 0.070 -0.120
11.258 -25.321 -5.629 0.340 0.098 -0.170
10.070 -24.461 -7.120 0.304 0.124 -0.215
8.621 -23.706 -8.427 0.260 0.147 -0.254
6.948 -23.078 -9.515 0.210 0.166 -0.287
5.096 -22.592 -10.357 0.154 0.180 -0.313
3.111 -22.260 -10.931 0.094 0.190 -0.330
1.046 -22.092 -11.222 0.032 0.195 -0.339
-1.046 -22.092 -11.222 -0.032 0.195 -0.339
-3.111 -22.260 -10.931 -0.094 0.190 -0.330
-5.096 -22.592 -10.357 -0.154 0.180 -0.313
-6.948 -23.078 -9.515 -0.210 0.166 -0.287
-8.621 -23.706 -8.427 -0.260 0.147 -0.254
-10.070 -24.461 -7.120 -0.304 0.124 -0.215
-11.258 -25.321 -5.629 -0.340 0.098 -0.170
-12.155 -26.266 -3.992 -0.367 0.070 -0.120
-12.737 -27.271 -2.252 -0.384 0.039 -0.068
-12.989 -28.310 -0.453 -0.392 0.008 -0.014
-12.905 -29.355 1.357 -0.389 -0.024 0.041
-12.487 -30.380 3.132 -0.377 -0.055 0.095
-11.745 -31.358 4.826 -0.354 -0.084 0.146
-10.699 -32.264 6.395 -0.323 -0.111 0.193
-9.376 -33.074 7.799 -0.283 -0.136 0.235
-7.810 -33.768 9.000 -0.236 -0.157 0.272
-6.041 -34.327 9.969 -0.182 -0.174 0.301
-4.117 -34.737 10.679 -0.124 -0.186 0.322
-2.085 -34.987 11.113 -0.063 -0.194 0.335
0.000 -35.571 12.124 0.000 -0.189 0.327
2.087 -35.493 11.989 0.056 -0.187 0.324
4.127 -35.260 11.586 0.111 -0.181 0.313
6.074 -34.878 10.924 0.164 -0.170 0.295
7.886 -34.355 10.018 0.213 -0.156 0.270
9.522 -33.703 8.888 0.257 -0.139 0.240
10.946 -32.936 7.559 0.296 -0.118 0.204
12.124 -32.071 6.062 0.327 -0.094 0.164
13.032 -31.129 4.430 0.352 -0.069 0.120
13.649 -30.129 2.698 0.368 -0.042 0.073
13.961 -29.095 0.906 0.377 -0.014 0.024
13.961 -28.048 -0.906 0.377 0.014 -0.024
13.649 -27.014 -2.698 0.368 0.042 -0.073
13.032 -26.014 -4.430 0.352 0.069 -0.120
12.124 -25.071 -6.062 0.327 0.094 -0.164
10.946 -24.207 -7.559 0.296 0.118 -0.204
9.522 -23.440 -8.888 0.257 0.139 -0.240
7.886 -22.788 -10.018 0.213 0.156 -0.270
6.074 -22.265 -10.924 0.164 0.170 -0.295
4.127 -21.882 -11.586 0.111 0.181 -0.313
2.087 -21.650 -11.989 0.056 0.187 -0.324
0.000 -21.571 -12.124 0.000 0.189 -0.327
-2.087 -21.650 -11.989 -0.056 0.187 -0.324
-4.127 -21.882 -11.586 -0.111 0.181 -0.313
-6.074 -22.265 -10.924 -0.164 0.170 -0.295
-7.886 -22.788 -10.018 -0.213 0.156 -0.270
-9.522 -23.440 -8.888 -0.257 0.139 -0.240
-10.946 -24.207 -7.559 -0.296 0.118 -0.204
-12.124 -25.071 -6.062 -0.327 0.094 -0.164
-13.032 -26.014 -4.430 -0.352 0.069 -0.120
-13.649 -27.014 -2.698 -0.368 0.042 -0.073
-13.961 -28.048 -0.906 -0.377 0.014 -0.024
-13.961 -29.095 0.906 -0.377 -0.014 0.024
-13.649 -30.129 2.698 -0.368 -0.042 0.073
-13.032 -31.129 4.430 -0.352 -0.069 0.120
-12.124 -32.071 6.062 -0.327 -0.094 0.164
-10.946 -32.936 7.559 -0.296 -0.118 0.204
-9.522 -33.703 8.888 -0.257 -0.139 0.240
-7.886 -34.355 10.018 -0.213 -0.156 0.270
-6.074 -34.878 10.924 -0.164 -0.170 0.295
-4.127 -35.260 11.586 -0.111 -0.181 0.313
-2.087 -35.493 11.989 -0.056 -0.187 0.324
