4.664 -21.500 0.000 -0.000 0.170 0.000
4.664 -22.466 0.259 1.414 0.170 -0.000
5.164 -22.337 0.224 1.224 0.853 -0.183
5.530 -21.983 0.129 0.707 1.353 -0.317
5.664 -21.500 0.000 -0.000 1.536 -0.366
5.530 -21.017 -0.129 -0.708 1.353 -0.317
5.164 -20.663 -0.224 -1.225 0.853 -0.183
4.664 -20.534 -0.259 -1.415 0.170 -0.000
4.164 -20.663 -0.224 -1.225 -0.513 0.183
3.797 -21.017 -0.129 -0.708 -1.013 0.317
3.664 -21.500 -0.000 -0.001 -1.196 0.366
3.797 -21.983 0.129 0.707 -1.013 0.317
4.163 -22.337 0.224 1.224 -0.513 0.183
4.664 -22.707 0.324 1.264 0.170 -0.000
5.172 -22.603 0.296 1.155 0.667 -0.133
5.592 -22.308 0.216 0.846 1.078 -0.243
5.852 -21.873 0.100 0.390 1.332 -0.311
5.907 -21.374 -0.034 -0.133 1.385 -0.326
5.746 -20.896 -0.162 -0.633 1.228 -0.284
5.398 -20.523 -0.262 -1.024 0.888 -0.192
4.923 -20.319 -0.316 -1.238 0.424 -0.068
4.404 -20.319 -0.316 -1.238 -0.084 0.068
3.929 -20.523 -0.262 -1.024 -0.548 0.192
3.581 -20.896 -0.162 -0.633 -0.888 0.284
3.420 -21.374 -0.034 -0.133 -1.045 0.326
3.475 -21.873 0.100 0.390 -0.992 0.311
3.735 -22.308 0.216 0.846 -0.738 0.243
4.155 -22.603 0.296 1.155 -0.327 0.133
4.664 -22.949 0.388 1.154 0.170 -0.000
5.177 -22.862 0.365 1.085 0.551 -0.102
5.628 -22.610 0.297 0.884 0.887 -0.192
5.963 -22.224 0.194 0.577 1.136 -0.259
6.141 -21.752 0.067 0.200 1.268 -0.294
6.141 -21.248 -0.067 -0.201 1.268 -0.294
5.963 -20.776 -0.194 -0.578 1.136 -0.259
5.628 -20.390 -0.297 -0.885 0.887 -0.192
5.177 -20.138 -0.365 -1.086 0.551 -0.102
4.664 -20.051 -0.388 -1.155 0.170 -0.000
4.150 -20.138 -0.365 -1.086 -0.211 0.102
3.699 -20.390 -0.297 -0.885 -0.547 0.192
3.364 -20.776 -0.194 -0.578 -0.796 0.259
3.186 -21.248 -0.067 -0.201 -0.928 0.294
3.186 -21.752 0.067 0.200 -0.928 0.294
3.364 -22.224 0.194 0.577 -0.796 0.259
3.699 -22.610 0.297 0.884 -0.547 0.192
4.150 -22.862 0.365 1.085 -0.211 0.102
4.664 -23.190 0.453 1.069 0.170 -0.000
5.179 -23.115 0.433 1.021 0.474 -0.082
5.649 -22.897 0.374 0.883 0.752 -0.156
6.032 -22.554 0.282 0.666 0.977 -0.216
6.293 -22.118 0.165 0.390 1.131 -0.258
6.409 -21.626 0.034 0.079 1.200 -0.276
6.370 -21.124 -0.101 -0.238 1.177 -0.270
6.179 -20.655 -0.226 -0.535 1.064 -0.240
5.854 -20.261 -0.332 -0.784 0.872 -0.188
5.423 -19.977 -0.408 -0.964 0.618 -0.120
4.924 -19.829 -0.448 -1.058 0.324 -0.041
4.403 -19.829 -0.448 -1.058 0.016 0.041
3.904 -19.977 -0.408 -0.964 -0.278 0.120
3.473 -20.261 -0.332 -0.784 -0.532 0.188
3.148 -20.655 -0.226 -0.535 -0.724 0.240
2.957 -21.124 -0.101 -0.238 -0.837 0.270
2.918 -21.626 0.034 0.079 -0.860 0.276
3.034 -22.118 0.165 0.390 -0.791 0.258
3.295 -22.554 0.282 0.666 -0.637 0.216
3.678 -22.897 0.374 0.883 -0.412 0.156
4.148 -23.115 0.433 1.021 -0.134 0.082
4.664 -23.432 0.518 1.000 0.170 -0.000
5.181 -23.366 0.500 0.965 0.420 -0.067
5.664 -23.173 0.448 0.866 0.653 -0.129
6.078 -22.866 0.366 0.707 0.853 -0.183
6.396 -22.466 0.259 0.500 1.007 -0.224
6.595 -22.000 0.134 0.258 1.103 -0.250
6.664 -21.500 0.000 -0.000 1.136 -0.259
6.595 -21.000 -0.134 -0.259 1.103 -0.250
6.396 -20.534 -0.259 -0.500 1.007 -0.224
6.078 -20.134 -0.366 -0.708 0.853 -0.183
5.664 -19.827 -0.448 -0.867 0.653 -0.129
5.181 -19.634 -0.500 -0.966 0.420 -0.067
4.664 -19.568 -0.518 -1.000 0.170 -0.000
4.146 -19.634 -0.500 -0.966 -0.080 0.067
3.664 -19.827 -0.448 -0.867 -0.313 0.129
3.249 -20.134 -0.366 -0.708 -0.513 0.183
2.931 -20.534 -0.259 -0.501 -0.667 0.224
2.732 -21.000 -0.134 -0.259 -0.763 0.250
2.664 -21.500 -0.000 -0.001 -0.796 0.259
2.732 -22.000 0.134 0.258 -0.763 0.250
2.931 -22.466 0.259 0.500 -0.667 0.224
3.249 -22.866 0.366 0.707 -0.513 0.183
3.663 -23.173 0.448 0.866 -0.313 0.129
4.146 -23.366 0.500 0.965 -0.080 0.067
4.664 -23.673 0.582 0.942 0.170 -0.000
5.182 -23.615 0.567 0.917 0.380 -0.056
5.673 -23.442 0.520 0.842 0.579 -0.110
6.110 -23.165 0.446 0.722 0.755 -0.157
6.468 -22.798 0.348 0.563 0.900 -0.196
6.729 -22.361 0.231 0.373 1.006 -0.224
6.879 -21.877 0.101 0.163 1.067 -0.240
6.910 -21.374 -0.034 -0.055 1.079 -0.244
6.819 -20.877 -0.167 -0.271 1.042 -0.234
6.612 -20.413 -0.291 -0.472 0.959 -0.211
6.300 -20.009 -0.400 -0.647 0.832 -0.177
5.900 -19.684 -0.487 -0.788 0.670 -0.134
5.433 -19.458 -0.547 -0.886 0.481 -0.083
4.925 -19.341 -0.578 -0.937 0.276 -0.028
4.402 -19.341 -0.578 -0.937 0.064 0.028
3.894 -19.458 -0.547 -0.886 -0.141 0.083
3.427 -19.684 -0.487 -0.788 -0.330 0.134
3.027 -20.009 -0.400 -0.647 -0.492 0.177
2.715 -20.413 -0.291 -0.472 -0.619 0.211
2.508 -20.877 -0.167 -0.271 -0.702 0.234
2.417 -21.374 -0.034 -0.055 -0.739 0.244
2.448 -21.877 0.101 0.163 -0.727 0.240
2.598 -22.361 0.231 0.373 -0.666 0.224
2.859 -22.798 0.348 0.563 -0.560 0.196
3.217 -23.165 0.446 0.722 -0.415 0.157
3.654 -23.442 0.520 0.842 -0.239 0.110
4.145 -23.615 0.567 0.917 -0.040 0.056
4.664 -23.915 0.647 0.894 0.170 -0.000
5.183 -23.862 0.633 0.874 0.350 -0.048
5.680 -23.706 0.591 0.817 0.521 -0.094
6.133 -23.454 0.523 0.723 0.678 -0.136
6.521 -23.116 0.433 0.598 0.812 -0.172
6.829 -22.707 0.324 0.447 0.918 -0.200
7.041 -22.246 0.200 0.276 0.992 -0.220
7.150 -21.752 0.068 0.093 1.029 -0.230
7.150 -21.248 -0.068 -0.094 1.029 -0.230
7.041 -20.754 -0.200 -0.277 0.992 -0.220
6.829 -20.293 -0.324 -0.448 0.918 -0.200
6.521 -19.884 -0.433 -0.599 0.812 -0.172
6.133 -19.546 -0.523 -0.724 0.678 -0.136
5.680 -19.294 -0.591 -0.818 0.521 -0.094
5.183 -19.138 -0.633 -0.875 0.350 -0.048
4.664 -19.085 -0.647 -0.895 0.170 -0.000
4.144 -19.138 -0.633 -0.875 -0.010 0.048
3.647 -19.294 -0.591 -0.818 -0.181 0.094
3.194 -19.546 -0.523 -0.724 -0.338 0.136
2.806 -19.884 -0.433 -0.599 -0.472 0.172
2.498 -20.293 -0.324 -0.448 -0.578 0.200
2.286 -20.754 -0.200 -0.277 -0.652 0.220
2.177 -21.248 -0.068 -0.094 -0.689 0.230
2.177 -21.752 0.068 0.093 -0.689 0.230
2.286 -22.246 0.200 0.276 -0.652 0.220
2.498 -22.707 0.324 0.447 -0.578 0.200
2.806 -23.116 0.433 0.598 -0.472 0.172
3.194 -23.454 0.523 0.723 -0.338 0.136
3.647 -23.706 0.591 0.817 -0.181 0.094
4.144 -23.862 0.633 0.874 -0.010 0.048
4.664 -24.156 0.712 0.852 0.170 -0.000
5.184 -24.108 0.699 0.837 0.326 -0.042
5.686 -23.966 0.661 0.791 0.476 -0.082
6.150 -23.735 0.599 0.717 0.615 -0.119
6.561 -23.422 0.515 0.617 0.738 -0.152
6.904 -23.041 0.413 0.494 0.841 -0.180
7.165 -22.603 0.296 0.354 0.919 -0.201
7.336 -22.126 0.168 0.201 0.971 -0.214
7.410 -21.626 0.034 0.040 0.993 -0.220
7.386 -21.122 -0.101 -0.122 0.985 -0.218
7.262 -20.631 -0.233 -0.279 0.948 -0.209
7.045 -20.172 -0.356 -0.427 0.883 -0.191
6.742 -19.760 -0.466 -0.559 0.793 -0.167
6.363 -19.412 -0.559 -0.671 0.679 -0.136
5.924 -19.139 -0.633 -0.759 0.547 -0.101
5.438 -18.951 -0.683 -0.819 0.402 -0.062
4.925 -18.856 -0.709 -0.849 0.248 -0.021
4.402 -18.856 -0.709 -0.849 0.092 0.021
3.889 -18.951 -0.683 -0.819 -0.062 0.062
3.403 -19.139 -0.633 -0.759 -0.207 0.101
2.964 -19.412 -0.559 -0.671 -0.339 0.136
2.585 -19.760 -0.466 -0.559 -0.453 0.167
2.282 -20.172 -0.356 -0.427 -0.543 0.191
2.065 -20.631 -0.233 -0.279 -0.608 0.209
1.941 -21.122 -0.101 -0.122 -0.645 0.218
1.917 -21.626 0.034 0.040 -0.653 0.220
1.991 -22.126 0.168 0.201 -0.631 0.214
2.162 -22.603 0.296 0.354 -0.579 0.201
2.423 -23.041 0.413 0.494 -0.501 0.180
2.766 -23.422 0.515 0.617 -0.398 0.152
3.177 -23.735 0.599 0.717 -0.275 0.119
3.641 -23.966 0.661 0.791 -0.136 0.082
4.143 -24.108 0.699 0.837 0.014 0.042
4.664 -24.398 0.776 0.816 0.170 -0.000
5.184 -24.354 0.765 0.804 0.307 -0.037
5.690 -24.223 0.730 0.767 0.440 -0.072
6.164 -24.010 0.672 0.707 0.564 -0.106
6.592 -23.720 0.595 0.625 0.677 -0.136
6.962 -23.363 0.499 0.524 0.774 -0.162
7.262 -22.949 0.388 0.408 0.853 -0.183
7.483 -22.491 0.266 0.279 0.911 -0.199
7.618 -22.003 0.135 0.141 0.947 -0.208
7.664 -21.500 0.000 -0.000 0.959 -0.211
7.618 -20.997 -0.135 -0.142 0.947 -0.208
7.483 -20.509 -0.266 -0.280 0.911 -0.199
7.262 -20.051 -0.388 -0.409 0.853 -0.183
6.962 -19.637 -0.499 -0.525 0.774 -0.162
6.592 -19.280 -0.595 -0.626 0.677 -0.136
6.164 -18.990 -0.672 -0.708 0.564 -0.106
5.690 -18.777 -0.730 -0.768 0.440 -0.072
5.184 -18.646 -0.765 -0.805 0.307 -0.037
4.664 -18.602 -0.776 -0.817 0.170 -0.000
4.143 -18.646 -0.765 -0.805 0.033 0.037
3.637 -18.777 -0.730 -0.768 -0.100 0.072
3.163 -18.990 -0.672 -0.708 -0.224 0.106
2.735 -19.280 -0.595 -0.626 -0.337 0.136
2.365 -19.637 -0.499 -0.525 -0.434 0.162
2.065 -20.051 -0.388 -0.409 -0.513 0.183
1.844 -20.509 -0.266 -0.280 -0.571 0.199
1.709 -20.997 -0.135 -0.142 -0.607 0.208
1.663 -21.500 -0.000 -0.001 -0.619 0.211
1.709 -22.003 0.135 0.141 -0.607 0.208
1.844 -22.491 0.266 0.279 -0.571 0.199
2.065 -22.949 0.388 0.408 -0.513 0.183
2.365 -23.363 0.499 0.524 -0.434 0.162
2.735 -23.720 0.595 0.625 -0.337 0.136
3.164 -24.010 0.672 0.707 -0.224 0.106
3.637 -24.223 0.730 0.767 -0.100 0.072
4.143 -24.354 0.765 0.804 0.033 0.037
4.664 -24.639 0.841 0.784 0.170 -0.000
5.185 -24.599 0.830 0.774 0.292 -0.033
5.693 -24.478 0.798 0.744 0.410 -0.064
6.174 -24.280 0.745 0.694 0.522 -0.094
6.616 -24.010 0.672 0.627 0.625 -0.122
7.007 -23.675 0.583 0.543 0.716 -0.146
7.338 -23.283 0.478 0.445 0.794 -0.167
7.600 -22.846 0.361 0.336 0.855 -0.183
7.785 -22.373 0.234 0.218 0.898 -0.195
7.890 -21.878 0.101 0.094 0.922 -0.202
7.911 -21.374 -0.034 -0.032 0.927 -0.203
7.848 -20.872 -0.168 -0.157 0.912 -0.199
7.702 -20.387 -0.298 -0.279 0.878 -0.190
7.478 -19.930 -0.421 -0.393 0.826 -0.176
7.181 -19.515 -0.532 -0.497 0.757 -0.157
6.819 -19.150 -0.630 -0.588 0.672 -0.135
6.401 -18.847 -0.711 -0.664 0.575 -0.109
5.937 -18.612 -0.774 -0.722 0.467 -0.080
5.441 -18.452 -0.817 -0.762 0.351 -0.049
4.925 -18.371 -0.838 -0.782 0.231 -0.016
4.402 -18.371 -0.838 -0.782 0.109 0.016
3.886 -18.452 -0.817 -0.762 -0.011 0.049
3.390 -18.612 -0.774 -0.722 -0.127 0.080
2.926 -18.847 -0.711 -0.664 -0.235 0.109
2.508 -19.150 -0.630 -0.588 -0.332 0.135
2.146 -19.515 -0.532 -0.497 -0.417 0.157
1.849 -19.930 -0.421 -0.393 -0.486 0.176
1.625 -20.387 -0.298 -0.279 -0.538 0.190
1.479 -20.872 -0.168 -0.157 -0.572 0.199
1.416 -21.374 -0.034 -0.032 -0.587 0.203
1.437 -21.878 0.101 0.094 -0.582 0.202
1.542 -22.373 0.234 0.218 -0.558 0.195
1.727 -22.846 0.361 0.336 -0.515 0.183
1.989 -23.283 0.478 0.445 -0.454 0.167
2.320 -23.675 0.583 0.543 -0.376 0.146
2.711 -24.010 0.672 0.627 -0.285 0.122
3.153 -24.280 0.745 0.694 -0.182 0.094
3.634 -24.478 0.798 0.744 -0.070 0.064
4.142 -24.599 0.830 0.774 0.048 0.033
4.664 -24.881 0.906 0.755 0.170 -0.000
5.185 -24.843 0.896 0.747 0.279 -0.029
5.695 -24.731 0.866 0.722 0.385 -0.058
6.182 -24.546 0.816 0.681 0.487 -0.085
6.635 -24.293 0.748 0.624 0.581 -0.110
7.044 -23.978 0.664 0.554 0.667 -0.133
7.400 -23.608 0.565 0.471 0.741 -0.153
7.695 -23.190 0.453 0.377 0.802 -0.169
7.922 -22.735 0.331 0.276 0.850 -0.182
8.076 -22.252 0.202 0.168 0.882 -0.191
8.154 -21.753 0.068 0.056 0.898 -0.195
8.154 -21.247 -0.068 -0.057 0.898 -0.195
8.076 -20.748 -0.202 -0.169 0.882 -0.191
7.922 -20.265 -0.331 -0.277 0.850 -0.182
7.695 -19.810 -0.453 -0.378 0.802 -0.169
7.400 -19.392 -0.565 -0.472 0.741 -0.153
7.044 -19.022 -0.664 -0.555 0.667 -0.133
6.635 -18.707 -0.748 -0.625 0.581 -0.110
6.182 -18.454 -0.816 -0.682 0.487 -0.085
5.695 -18.269 -0.866 -0.723 0.385 -0.058
5.185 -18.157 -0.896 -0.748 0.279 -0.029
4.664 -18.119 -0.906 -0.756 0.170 -0.000
4.142 -18.157 -0.896 -0.748 0.061 0.029
3.632 -18.269 -0.866 -0.723 -0.045 0.058
3.145 -18.454 -0.816 -0.682 -0.147 0.085
2.692 -18.707 -0.748 -0.625 -0.241 0.110
2.283 -19.022 -0.664 -0.555 -0.327 0.133
1.927 -19.392 -0.565 -0.472 -0.401 0.153
1.632 -19.810 -0.453 -0.378 -0.462 0.169
1.405 -20.265 -0.331 -0.277 -0.510 0.182
1.251 -20.748 -0.202 -0.169 -0.542 0.191
1.173 -21.247 -0.068 -0.057 -0.558 0.195
1.173 -21.753 0.068 0.056 -0.558 0.195
1.251 -22.252 0.202 0.168 -0.542 0.191
1.405 -22.735 0.331 0.276 -0.510 0.182
1.632 -23.190 0.453 0.377 -0.462 0.169
1.927 -23.608 0.565 0.471 -0.401 0.153
2.283 -23.978 0.664 0.554 -0.327 0.133
2.692 -24.293 0.748 0.624 -0.241 0.110
3.145 -24.546 0.816 0.681 -0.147 0.085
3.632 -24.731 0.866 0.722 -0.045 0.058
4.142 -24.843 0.896 0.747 0.061 0.029
-4.664 21.500 0.000 0.000 -0.170 0.000
-4.664 21.000 0.866 1.415 -0.170 -0.000
-4.164 21.067 0.750 1.225 0.184 -0.612
-3.797 21.250 0.433 0.708 0.442 -1.061
-3.664 21.500 0.000 0.000 0.537 -1.225
-3.797 21.750 -0.433 -0.707 0.442 -1.061
-4.164 21.933 -0.750 -1.224 0.184 -0.612
-4.664 22.000 -0.866 -1.414 -0.170 -0.000
-5.164 21.933 -0.750 -1.224 -0.524 0.612
-5.530 21.750 -0.433 -0.707 -0.782 1.061
-5.664 21.500 -0.000 0.000 -0.877 1.225
-5.530 21.250 0.433 0.708 -0.782 1.061
-5.164 21.067 0.750 1.225 -0.524 0.612
-4.664 20.875 1.083 1.265 -0.170 -0.000
-4.155 20.929 0.989 1.156 0.087 -0.446
-3.735 21.082 0.724 0.847 0.300 -0.814
-3.475 21.307 0.335 0.391 0.432 -1.042
-3.420 21.565 -0.113 -0.132 0.459 -1.089
-3.581 21.812 -0.541 -0.632 0.378 -0.949
-3.929 22.006 -0.876 -1.023 0.202 -0.644
-4.404 22.111 -1.059 -1.237 -0.039 -0.228
-4.923 22.111 -1.059 -1.237 -0.301 0.228
-5.398 22.006 -0.876 -1.023 -0.542 0.644
-5.746 21.812 -0.541 -0.632 -0.718 0.949
-5.907 21.565 -0.113 -0.132 -0.799 1.089
-5.852 21.307 0.335 0.391 -0.772 1.042
-5.592 21.082 0.724 0.847 -0.640 0.814
-5.172 20.929 0.989 1.156 -0.427 0.446
-4.664 20.750 1.299 1.155 -0.170 -0.000
-4.150 20.795 1.221 1.086 0.027 -0.342
-3.699 20.925 0.995 0.885 0.201 -0.643
-3.364 21.125 0.650 0.578 0.330 -0.866
-3.186 21.370 0.226 0.201 0.399 -0.985
-3.186 21.630 -0.226 -0.200 0.399 -0.985
-3.364 21.875 -0.650 -0.577 0.330 -0.866
-3.699 22.075 -0.995 -0.884 0.201 -0.643
-4.150 22.205 -1.221 -1.085 0.027 -0.342
-4.664 22.250 -1.299 -1.154 -0.170 -0.000
-5.177 22.205 -1.221 -1.085 -0.367 0.342
-5.628 22.075 -0.995 -0.884 -0.541 0.643
-5.963 21.875 -0.650 -0.577 -0.670 0.866
-6.141 21.630 -0.226 -0.200 -0.739 0.985
-6.141 21.370 0.226 0.201 -0.739 0.985
-5.963 21.125 0.650 0.578 -0.670 0.866
-5.628 20.925 0.995 0.885 -0.541 0.643
-5.177 20.795 1.221 1.086 -0.367 0.342
-4.664 20.625 1.516 1.070 -0.170 -0.000
-4.148 20.664 1.448 1.022 -0.012 -0.273
-3.678 20.777 1.252 0.884 0.131 -0.522
-3.295 20.954 0.945 0.667 0.248 -0.724
-3.034 21.180 0.554 0.391 0.328 -0.862
-2.918 21.435 0.113 0.080 0.363 -0.923
-2.957 21.695 -0.337 -0.237 0.351 -0.903
-3.148 21.938 -0.758 -0.534 0.293 -0.802
-3.473 22.141 -1.111 -0.783 0.194 -0.630
-3.904 22.288 -1.365 -0.963 0.062 -0.402
-4.403 22.365 -1.499 -1.057 -0.090 -0.138
-4.924 22.365 -1.499 -1.057 -0.250 0.138
-5.423 22.288 -1.365 -0.963 -0.402 0.402
-5.854 22.141 -1.111 -0.783 -0.534 0.630
-6.179 21.938 -0.758 -0.534 -0.633 0.802
-6.370 21.695 -0.337 -0.237 -0.691 0.903
-6.409 21.435 0.113 0.080 -0.703 0.923
-6.293 21.180 0.554 0.391 -0.668 0.862
-6.032 20.954 0.945 0.667 -0.588 0.724
-5.649 20.777 1.252 0.884 -0.471 0.522
-5.179 20.664 1.448 1.022 -0.328 0.273
-4.664 20.500 1.732 1.000 -0.170 -0.000
-4.146 20.534 1.673 0.966 -0.041 -0.224
-3.664 20.634 1.500 0.867 0.080 -0.433
-3.249 20.793 1.225 0.708 0.184 -0.612
-2.931 21.000 0.866 0.501 0.263 -0.750
-2.732 21.241 0.448 0.259 0.313 -0.837
-2.664 21.500 0.000 0.000 0.330 -0.866
-2.732 21.759 -0.448 -0.258 0.313 -0.837
-2.931 22.000 -0.866 -0.499 0.263 -0.750
-3.249 22.207 -1.225 -0.707 0.184 -0.612
-3.664 22.366 -1.500 -0.866 0.080 -0.433
-4.146 22.466 -1.673 -0.965 -0.041 -0.224
-4.664 22.500 -1.732 -1.000 -0.170 -0.000
-5.181 22.466 -1.673 -0.965 -0.299 0.224
-5.663 22.366 -1.500 -0.866 -0.420 0.433
-6.078 22.207 -1.225 -0.707 -0.524 0.612
-6.396 22.000 -0.866 -0.500 -0.603 0.750
-6.595 21.759 -0.448 -0.258 -0.653 0.837
-6.664 21.500 -0.000 0.000 -0.670 0.866
-6.595 21.241 0.448 0.259 -0.653 0.837
-6.396 21.000 0.866 0.501 -0.603 0.750
-6.078 20.793 1.225 0.708 -0.524 0.612
-5.664 20.634 1.500 0.867 -0.420 0.433
-5.181 20.534 1.673 0.966 -0.299 0.224
-4.664 20.375 1.949 0.943 -0.170 -0.000
-4.145 20.405 1.896 0.918 -0.061 -0.188
-3.654 20.495 1.741 0.843 0.042 -0.366
-3.217 20.638 1.493 0.723 0.133 -0.525
-2.859 20.828 1.164 0.564 0.208 -0.655
-2.598 21.054 0.772 0.374 0.263 -0.750
-2.448 21.305 0.338 0.164 0.294 -0.804
-2.417 21.565 -0.113 -0.054 0.301 -0.815
-2.508 21.823 -0.559 -0.270 0.282 -0.782
-2.715 22.062 -0.974 -0.471 0.238 -0.707
-3.027 22.272 -1.337 -0.646 0.173 -0.594
-3.427 22.440 -1.628 -0.787 0.089 -0.449
-3.894 22.557 -1.831 -0.885 -0.009 -0.279
-4.402 22.617 -1.935 -0.936 -0.115 -0.095
-4.925 22.617 -1.935 -0.936 -0.225 0.095
-5.433 22.557 -1.831 -0.885 -0.331 0.279
-5.900 22.440 -1.628 -0.787 -0.429 0.449
-6.300 22.272 -1.337 -0.646 -0.513 0.594
-6.612 22.062 -0.974 -0.471 -0.578 0.707
-6.819 21.823 -0.559 -0.270 -0.622 0.782
-6.910 21.565 -0.113 -0.054 -0.641 0.815
-6.879 21.305 0.338 0.164 -0.634 0.804
-6.729 21.054 0.772 0.374 -0.603 0.750
-6.468 20.828 1.164 0.564 -0.548 0.655
-6.110 20.638 1.493 0.723 -0.473 0.525
-5.673 20.495 1.741 0.843 -0.382 0.366
-5.182 20.405 1.896 0.918 -0.279 0.188
-4.664 20.250 2.165 0.895 -0.170 -0.000
-4.144 20.277 2.118 0.875 -0.077 -0.161
-3.647 20.358 1.978 0.818 0.012 -0.315
-3.194 20.489 1.752 0.724 0.093 -0.455
-2.806 20.664 1.449 0.599 0.162 -0.576
-2.498 20.875 1.083 0.448 0.217 -0.671
-2.286 21.114 0.669 0.277 0.255 -0.737
-2.177 21.369 0.226 0.094 0.275 -0.770
-2.177 21.631 -0.226 -0.093 0.275 -0.770
-2.286 21.886 -0.669 -0.276 0.255 -0.737
-2.498 22.125 -1.083 -0.447 0.217 -0.671
-2.806 22.336 -1.449 -0.598 0.162 -0.576
-3.194 22.511 -1.752 -0.723 0.093 -0.455
-3.647 22.642 -1.978 -0.817 0.012 -0.315
-4.144 22.723 -2.118 -0.874 -0.077 -0.161
-4.663 22.750 -2.165 -0.894 -0.170 -0.000
-5.183 22.723 -2.118 -0.874 -0.263 0.161
-5.680 22.642 -1.978 -0.817 -0.352 0.315
-6.133 22.511 -1.752 -0.723 -0.433 0.455
-6.521 22.336 -1.449 -0.598 -0.502 0.576
-6.829 22.125 -1.083 -0.447 -0.557 0.671
-7.041 21.886 -0.669 -0.276 -0.595 0.737
-7.150 21.631 -0.226 -0.093 -0.615 0.770
-7.150 21.369 0.226 0.094 -0.615 0.770
-7.041 21.114 0.669 0.277 -0.595 0.737
-6.829 20.875 1.083 0.448 -0.557 0.671
-6.521 20.664 1.449 0.599 -0.502 0.576
-6.133 20.489 1.752 0.724 -0.433 0.455
-5.680 20.358 1.978 0.818 -0.352 0.315
-5.183 20.277 2.118 0.875 -0.263 0.161
-4.664 20.125 2.382 0.853 -0.170 -0.000
-4.143 20.150 2.339 0.838 -0.089 -0.140
-3.641 20.223 2.211 0.792 -0.012 -0.274
-3.177 20.343 2.004 0.718 0.061 -0.399
-2.766 20.505 1.724 0.618 0.124 -0.510
-2.423 20.702 1.381 0.495 0.177 -0.602
-2.162 20.929 0.989 0.355 0.218 -0.672
-1.991 21.176 0.561 0.202 0.244 -0.718
-1.917 21.435 0.113 0.041 0.256 -0.738
-1.941 21.696 -0.339 -0.121 0.252 -0.731
-2.065 21.950 -0.779 -0.278 0.233 -0.698
-2.282 22.188 -1.191 -0.426 0.199 -0.640
-2.585 22.400 -1.560 -0.558 0.152 -0.558
-2.964 22.581 -1.872 -0.670 0.094 -0.457
-3.403 22.722 -2.117 -0.758 0.025 -0.338
-3.889 22.819 -2.285 -0.818 -0.050 -0.208
-4.402 22.869 -2.371 -0.848 -0.129 -0.070
-4.925 22.869 -2.371 -0.848 -0.211 0.070
-5.438 22.819 -2.285 -0.818 -0.290 0.208
-5.924 22.722 -2.117 -0.758 -0.365 0.338
-6.363 22.581 -1.872 -0.670 -0.434 0.457
-6.742 22.400 -1.560 -0.558 -0.492 0.558
-7.045 22.188 -1.191 -0.426 -0.539 0.640
-7.262 21.950 -0.779 -0.278 -0.573 0.698
-7.386 21.696 -0.339 -0.121 -0.592 0.731
-7.410 21.435 0.113 0.041 -0.596 0.738
-7.336 21.176 0.561 0.202 -0.584 0.718
-7.165 20.929 0.989 0.355 -0.558 0.672
-6.904 20.702 1.381 0.495 -0.517 0.602
-6.561 20.505 1.724 0.618 -0.464 0.510
-6.150 20.343 2.004 0.718 -0.401 0.399
-5.686 20.223 2.211 0.792 -0.328 0.274
-5.184 20.150 2.339 0.838 -0.251 0.140
-4.664 20.000 2.598 0.817 -0.170 -0.000
-4.143 20.023 2.559 0.805 -0.099 -0.123
-3.637 20.090 2.441 0.768 -0.030 -0.242
-3.164 20.201 2.250 0.708 0.034 -0.354
-2.735 20.351 1.990 0.626 0.092 -0.455
-2.365 20.536 1.670 0.525 0.143 -0.542
-2.065 20.750 1.299 0.409 0.184 -0.612
-1.844 20.987 0.889 0.280 0.214 -0.664
-1.709 21.240 0.451 0.142 0.232 -0.696
-1.663 21.500 0.000 0.000 0.238 -0.707
-1.709 21.760 -0.451 -0.141 0.232 -0.696
-1.844 22.013 -0.889 -0.279 0.214 -0.664
-2.065 22.250 -1.299 -0.408 0.184 -0.612
-2.365 22.464 -1.670 -0.524 0.143 -0.542
-2.735 22.649 -1.990 -0.625 0.092 -0.455
-3.163 22.799 -2.250 -0.707 0.034 -0.354
-3.637 22.910 -2.441 -0.767 -0.030 -0.242
-4.143 22.977 -2.559 -0.804 -0.099 -0.123
-4.664 23.000 -2.598 -0.816 -0.170 -0.000
-5.184 22.977 -2.559 -0.804 -0.241 0.123
-5.690 22.910 -2.441 -0.767 -0.310 0.242
-6.164 22.799 -2.250 -0.707 -0.374 0.354
-6.592 22.649 -1.990 -0.625 -0.432 0.455
-6.962 22.464 -1.670 -0.524 -0.483 0.542
-7.262 22.250 -1.299 -0.408 -0.524 0.612
-7.483 22.013 -0.889 -0.279 -0.554 0.664
-7.618 21.760 -0.451 -0.141 -0.572 0.696
-7.664 21.500 -0.000 0.000 -0.578 0.707
-7.618 21.240 0.451 0.142 -0.572 0.696
-7.483 20.987 0.889 0.280 -0.554 0.664
-7.262 20.750 1.299 0.409 -0.524 0.612
-6.962 20.536 1.670 0.525 -0.483 0.542
-6.592 20.351 1.990 0.626 -0.432 0.455
-6.163 20.201 2.250 0.708 -0.374 0.354
-5.690 20.090 2.441 0.768 -0.310 0.242
-5.184 20.023 2.559 0.805 -0.241 0.123
-4.664 19.875 2.815 0.785 -0.170 -0.000
-4.142 19.896 2.778 0.775 -0.107 -0.109
-3.634 19.959 2.670 0.745 -0.046 -0.215
-3.153 20.061 2.492 0.695 0.012 -0.316
-2.711 20.201 2.250 0.628 0.066 -0.408
-2.320 20.374 1.950 0.544 0.113 -0.490
-1.989 20.577 1.599 0.446 0.153 -0.559
-1.727 20.803 1.207 0.337 0.184 -0.614
-1.542 21.048 0.783 0.219 0.207 -0.653
-1.437 21.304 0.339 0.095 0.219 -0.674
-1.416 21.565 -0.113 -0.031 0.222 -0.679
-1.479 21.825 -0.563 -0.156 0.214 -0.666
-1.625 22.076 -0.998 -0.278 0.197 -0.635
-1.849 22.312 -1.407 -0.392 0.170 -0.588
-2.146 22.528 -1.780 -0.496 0.134 -0.526
-2.508 22.716 -2.107 -0.587 0.090 -0.451
-2.926 22.873 -2.379 -0.663 0.040 -0.363
-3.390 22.995 -2.589 -0.721 -0.016 -0.266
-3.886 23.078 -2.733 -0.761 -0.076 -0.163
-4.402 23.120 -2.805 -0.781 -0.138 -0.055
-4.925 23.120 -2.805 -0.781 -0.202 0.055
-5.441 23.078 -2.733 -0.761 -0.264 0.163
-5.937 22.995 -2.589 -0.721 -0.324 0.266
-6.401 22.873 -2.379 -0.663 -0.380 0.363
-6.819 22.716 -2.107 -0.587 -0.430 0.451
-7.181 22.528 -1.780 -0.496 -0.474 0.526
-7.478 22.312 -1.407 -0.392 -0.510 0.588
-7.702 22.076 -0.998 -0.278 -0.537 0.635
-7.848 21.825 -0.563 -0.156 -0.554 0.666
-7.911 21.565 -0.113 -0.031 -0.562 0.679
-7.890 21.304 0.339 0.095 -0.559 0.674
-7.785 21.048 0.783 0.219 -0.547 0.653
-7.600 20.803 1.207 0.337 -0.524 0.614
-7.338 20.577 1.599 0.446 -0.493 0.559
-7.007 20.374 1.950 0.544 -0.453 0.490
-6.616 20.201 2.250 0.628 -0.406 0.408
-6.174 20.061 2.492 0.695 -0.352 0.316
-5.693 19.959 2.670 0.745 -0.294 0.215
-5.185 19.896 2.778 0.775 -0.233 0.109
-4.664 19.750 3.031 0.756 -0.170 -0.000
-4.142 19.770 2.997 0.748 -0.114 -0.098
-3.632 19.828 2.896 0.723 -0.059 -0.193
-3.145 19.923 2.731 0.682 -0.006 -0.284
-2.692 20.054 2.504 0.625 0.043 -0.369
-2.283 20.217 2.222 0.555 0.087 -0.445
-1.927 20.409 1.890 0.472 0.126 -0.512
-1.632 20.625 1.516 0.378 0.157 -0.567
-1.405 20.861 1.107 0.277 0.182 -0.609
-1.251 21.111 0.674 0.169 0.198 -0.638
-1.173 21.369 0.227 0.057 0.207 -0.653
-1.173 21.631 -0.227 -0.056 0.207 -0.653
-1.251 21.889 -0.674 -0.168 0.198 -0.638
-1.405 22.139 -1.107 -0.276 0.182 -0.609
-1.632 22.375 -1.516 -0.377 0.157 -0.567
-1.927 22.591 -1.890 -0.471 0.126 -0.512
-2.283 22.783 -2.222 -0.554 0.087 -0.445
-2.692 22.946 -2.504 -0.624 0.043 -0.369
-3.145 23.077 -2.731 -0.681 -0.006 -0.284
-3.632 23.172 -2.896 -0.722 -0.059 -0.193
-4.142 23.230 -2.997 -0.747 -0.114 -0.098
-4.664 23.250 -3.031 -0.755 -0.170 -0.000
-5.185 23.230 -2.997 -0.747 -0.226 0.098
-5.695 23.172 -2.896 -0.722 -0.281 0.193
-6.182 23.077 -2.731 -0.681 -0.334 0.284
-6.635 22.946 -2.504 -0.624 -0.383 0.369
-7.044 22.783 -2.222 -0.554 -0.427 0.445
-7.400 22.591 -1.890 -0.471 -0.466 0.512
-7.695 22.375 -1.516 -0.377 -0.497 0.567
-7.922 22.139 -1.107 -0.276 -0.522 0.609
-8.076 21.889 -0.674 -0.168 -0.538 0.638
-8.154 21.631 -0.227 -0.056 -0.547 0.653
-8.154 21.369 0.227 0.057 -0.547 0.653
-8.076 21.111 0.674 0.169 -0.538 0.638
-7.922 20.861 1.107 0.277 -0.522 0.609
-7.695 20.625 1.516 0.378 -0.497 0.567
-7.400 20.409 1.890 0.472 -0.466 0.512
-7.044 20.217 2.222 0.555 -0.427 0.445
-6.635 20.054 2.504 0.625 -0.383 0.369
-6.182 19.923 2.731 0.682 -0.334 0.284
-5.695 19.828 2.896 0.723 -0.281 0.193
-5.185 19.770 2.997 0.748 -0.226 0.098
